<?xml version="1.0" encoding="UTF-8"?>
<!-- Generated by org.testng.reporters.JUnitXMLReporter -->
<testsuite hostname="DESKTOP-QMO9A9N" name="Regression1" tests="204" failures="39" timestamp="13 Dec 2019 05:53:52 GMT" time="6467.498" errors="0">
  <testcase name="addBrandClassification" time="20.9" classname="zhangfan.BackStageTest"/>
  <testcase name="addBrandClassification" time="18.555" classname="zhangfan.BackStageTest"/>
  <testcase name="addBrandClassification" time="20.195" classname="zhangfan.BackStageTest"/>
  <testcase name="addBrandClassification" time="18.413" classname="zhangfan.BackStageTest"/>
  <testcase name="addBrandList" time="19.155" classname="zhangfan.BackStageTest"/>
  <testcase name="addBrandList" time="18.206" classname="zhangfan.BackStageTest"/>
  <testcase name="addBrandList" time="19.14" classname="zhangfan.BackStageTest"/>
  <testcase name="addBrandList" time="27.12" classname="zhangfan.BackStageTest"/>
  <testcase name="addClassificationList" time="14.694" classname="zhangfan.BackStageTest"/>
  <testcase name="addClassificationList" time="14.825" classname="zhangfan.BackStageTest"/>
  <testcase name="addClassificationList" time="14.755" classname="zhangfan.BackStageTest"/>
  <testcase name="addClassificationList" time="15.103" classname="zhangfan.BackStageTest"/>
  <testcase name="addModelList" time="19.268" classname="zhangfan.BackStageTest"/>
  <testcase name="addModelList" time="18.624" classname="zhangfan.BackStageTest"/>
  <testcase name="addModelList" time="18.57" classname="zhangfan.BackStageTest"/>
  <testcase name="addModelList" time="18.73" classname="zhangfan.BackStageTest"/>
  <testcase name="testAddGoods" time="16.602" classname="zhangfan.BackStageTest"/>
  <testcase name="testAddGoods" time="13.768" classname="zhangfan.BackStageTest"/>
  <testcase name="testAddGoods" time="13.267" classname="zhangfan.BackStageTest"/>
  <testcase name="testAddGoods" time="16.822" classname="zhangfan.BackStageTest"/>
  <testcase name="testAddSizeList" time="19.21" classname="zhangfan.BackStageTest">
    <failure type="org.openqa.selenium.NoSuchFrameException" message="No frame element found by name or id OpenaddSpecWin
Build info: version: &amp;apos;3.141.59&amp;apos;, revision: &amp;apos;e82be7d358&amp;apos;, time: &amp;apos;2018-11-14T08:25:53&amp;apos;
System info: host: &amp;apos;DESKTOP-QMO9A9N&amp;apos;, ip: &amp;apos;169.254.144.33&amp;apos;, os.name: &amp;apos;Windows 10&amp;apos;, os.arch: &amp;apos;amd64&amp;apos;, os.version: &amp;apos;10.0&amp;apos;, java.version: &amp;apos;1.8.0_172&amp;apos;
Driver info: driver.version: unknown">
      <![CDATA[org.openqa.selenium.NoSuchFrameException: No frame element found by name or id OpenaddSpecWin
Build info: version: '3.141.59', revision: 'e82be7d358', time: '2018-11-14T08:25:53'
System info: host: 'DESKTOP-QMO9A9N', ip: '169.254.144.33', os.name: 'Windows 10', os.arch: 'amd64', os.version: '10.0', java.version: '1.8.0_172'
Driver info: driver.version: unknown
	at org.openqa.selenium.remote.RemoteWebDriver$RemoteTargetLocator.frame(RemoteWebDriver.java:885)
	at com.webtest.core.WebDriverEngine.enterFrame(WebDriverEngine.java:75)
	at zhangfan.BackStageTest.testAddSizeList(BackStageTest.java:267)
... Removed 24 stack frames]]>
    </failure>
  </testcase> <!-- testAddSizeList -->
  <testcase name="testAddSizeList" time="17.511" classname="zhangfan.BackStageTest">
    <failure type="org.openqa.selenium.NoSuchFrameException" message="No frame element found by name or id OpenaddSpecWin
Build info: version: &amp;apos;3.141.59&amp;apos;, revision: &amp;apos;e82be7d358&amp;apos;, time: &amp;apos;2018-11-14T08:25:53&amp;apos;
System info: host: &amp;apos;DESKTOP-QMO9A9N&amp;apos;, ip: &amp;apos;169.254.144.33&amp;apos;, os.name: &amp;apos;Windows 10&amp;apos;, os.arch: &amp;apos;amd64&amp;apos;, os.version: &amp;apos;10.0&amp;apos;, java.version: &amp;apos;1.8.0_172&amp;apos;
Driver info: driver.version: unknown">
      <![CDATA[org.openqa.selenium.NoSuchFrameException: No frame element found by name or id OpenaddSpecWin
Build info: version: '3.141.59', revision: 'e82be7d358', time: '2018-11-14T08:25:53'
System info: host: 'DESKTOP-QMO9A9N', ip: '169.254.144.33', os.name: 'Windows 10', os.arch: 'amd64', os.version: '10.0', java.version: '1.8.0_172'
Driver info: driver.version: unknown
	at org.openqa.selenium.remote.RemoteWebDriver$RemoteTargetLocator.frame(RemoteWebDriver.java:885)
	at com.webtest.core.WebDriverEngine.enterFrame(WebDriverEngine.java:75)
	at zhangfan.BackStageTest.testAddSizeList(BackStageTest.java:267)
... Removed 24 stack frames]]>
    </failure>
  </testcase> <!-- testAddSizeList -->
  <testcase name="testAddSizeList" time="17.945" classname="zhangfan.BackStageTest">
    <failure type="org.openqa.selenium.NoSuchFrameException" message="No frame element found by name or id OpenaddSpecWin
Build info: version: &amp;apos;3.141.59&amp;apos;, revision: &amp;apos;e82be7d358&amp;apos;, time: &amp;apos;2018-11-14T08:25:53&amp;apos;
System info: host: &amp;apos;DESKTOP-QMO9A9N&amp;apos;, ip: &amp;apos;169.254.144.33&amp;apos;, os.name: &amp;apos;Windows 10&amp;apos;, os.arch: &amp;apos;amd64&amp;apos;, os.version: &amp;apos;10.0&amp;apos;, java.version: &amp;apos;1.8.0_172&amp;apos;
Driver info: driver.version: unknown">
      <![CDATA[org.openqa.selenium.NoSuchFrameException: No frame element found by name or id OpenaddSpecWin
Build info: version: '3.141.59', revision: 'e82be7d358', time: '2018-11-14T08:25:53'
System info: host: 'DESKTOP-QMO9A9N', ip: '169.254.144.33', os.name: 'Windows 10', os.arch: 'amd64', os.version: '10.0', java.version: '1.8.0_172'
Driver info: driver.version: unknown
	at org.openqa.selenium.remote.RemoteWebDriver$RemoteTargetLocator.frame(RemoteWebDriver.java:885)
	at com.webtest.core.WebDriverEngine.enterFrame(WebDriverEngine.java:75)
	at zhangfan.BackStageTest.testAddSizeList(BackStageTest.java:267)
... Removed 24 stack frames]]>
    </failure>
  </testcase> <!-- testAddSizeList -->
  <testcase name="testAddSizeList" time="17.48" classname="zhangfan.BackStageTest">
    <failure type="org.openqa.selenium.NoSuchFrameException" message="No frame element found by name or id OpenaddSpecWin
Build info: version: &amp;apos;3.141.59&amp;apos;, revision: &amp;apos;e82be7d358&amp;apos;, time: &amp;apos;2018-11-14T08:25:53&amp;apos;
System info: host: &amp;apos;DESKTOP-QMO9A9N&amp;apos;, ip: &amp;apos;169.254.144.33&amp;apos;, os.name: &amp;apos;Windows 10&amp;apos;, os.arch: &amp;apos;amd64&amp;apos;, os.version: &amp;apos;10.0&amp;apos;, java.version: &amp;apos;1.8.0_172&amp;apos;
Driver info: driver.version: unknown">
      <![CDATA[org.openqa.selenium.NoSuchFrameException: No frame element found by name or id OpenaddSpecWin
Build info: version: '3.141.59', revision: 'e82be7d358', time: '2018-11-14T08:25:53'
System info: host: 'DESKTOP-QMO9A9N', ip: '169.254.144.33', os.name: 'Windows 10', os.arch: 'amd64', os.version: '10.0', java.version: '1.8.0_172'
Driver info: driver.version: unknown
	at org.openqa.selenium.remote.RemoteWebDriver$RemoteTargetLocator.frame(RemoteWebDriver.java:885)
	at com.webtest.core.WebDriverEngine.enterFrame(WebDriverEngine.java:75)
	at zhangfan.BackStageTest.testAddSizeList(BackStageTest.java:267)
... Removed 24 stack frames]]>
    </failure>
  </testcase> <!-- testAddSizeList -->
  <testcase name="testAddSizeList" time="17.514" classname="zhangfan.BackStageTest">
    <failure type="org.openqa.selenium.NoSuchFrameException" message="No frame element found by name or id OpenaddSpecWin
Build info: version: &amp;apos;3.141.59&amp;apos;, revision: &amp;apos;e82be7d358&amp;apos;, time: &amp;apos;2018-11-14T08:25:53&amp;apos;
System info: host: &amp;apos;DESKTOP-QMO9A9N&amp;apos;, ip: &amp;apos;169.254.144.33&amp;apos;, os.name: &amp;apos;Windows 10&amp;apos;, os.arch: &amp;apos;amd64&amp;apos;, os.version: &amp;apos;10.0&amp;apos;, java.version: &amp;apos;1.8.0_172&amp;apos;
Driver info: driver.version: unknown">
      <![CDATA[org.openqa.selenium.NoSuchFrameException: No frame element found by name or id OpenaddSpecWin
Build info: version: '3.141.59', revision: 'e82be7d358', time: '2018-11-14T08:25:53'
System info: host: 'DESKTOP-QMO9A9N', ip: '169.254.144.33', os.name: 'Windows 10', os.arch: 'amd64', os.version: '10.0', java.version: '1.8.0_172'
Driver info: driver.version: unknown
	at org.openqa.selenium.remote.RemoteWebDriver$RemoteTargetLocator.frame(RemoteWebDriver.java:885)
	at com.webtest.core.WebDriverEngine.enterFrame(WebDriverEngine.java:75)
	at zhangfan.BackStageTest.testAddSizeList(BackStageTest.java:267)
... Removed 24 stack frames]]>
    </failure>
  </testcase> <!-- testAddSizeList -->
  <testcase name="testBatchDeletionModelList" time="16.518" classname="zhangfan.BackStageTest"/>
  <testcase name="testBatchDeletionModelList" time="15.497" classname="zhangfan.BackStageTest"/>
  <testcase name="testBatchDeletionModelList" time="15.009" classname="zhangfan.BackStageTest"/>
  <testcase name="testBatchOperation" time="15.488" classname="zhangfan.BackStageTest"/>
  <testcase name="testBatchOperation" time="15.546" classname="zhangfan.BackStageTest"/>
  <testcase name="testBatchOperation" time="15.619" classname="zhangfan.BackStageTest"/>
  <testcase name="testBatchOperation" time="15.361" classname="zhangfan.BackStageTest"/>
  <testcase name="testClassificationList" time="11.249" classname="zhangfan.BackStageTest"/>
  <testcase name="testEdit" time="10.865" classname="zhangfan.BackStageTest">
    <failure type="org.openqa.selenium.NoSuchFrameException" message="No frame element found by name or id Opengoods_setting
Build info: version: &amp;apos;3.141.59&amp;apos;, revision: &amp;apos;e82be7d358&amp;apos;, time: &amp;apos;2018-11-14T08:25:53&amp;apos;
System info: host: &amp;apos;DESKTOP-QMO9A9N&amp;apos;, ip: &amp;apos;169.254.144.33&amp;apos;, os.name: &amp;apos;Windows 10&amp;apos;, os.arch: &amp;apos;amd64&amp;apos;, os.version: &amp;apos;10.0&amp;apos;, java.version: &amp;apos;1.8.0_172&amp;apos;
Driver info: driver.version: unknown">
      <![CDATA[org.openqa.selenium.NoSuchFrameException: No frame element found by name or id Opengoods_setting
Build info: version: '3.141.59', revision: 'e82be7d358', time: '2018-11-14T08:25:53'
System info: host: 'DESKTOP-QMO9A9N', ip: '169.254.144.33', os.name: 'Windows 10', os.arch: 'amd64', os.version: '10.0', java.version: '1.8.0_172'
Driver info: driver.version: unknown
	at org.openqa.selenium.remote.RemoteWebDriver$RemoteTargetLocator.frame(RemoteWebDriver.java:885)
	at com.webtest.core.WebDriverEngine.enterFrame(WebDriverEngine.java:75)
	at zhangfan.BackStageTest.testEdit(BackStageTest.java:145)
... Removed 24 stack frames]]>
    </failure>
  </testcase> <!-- testEdit -->
  <testcase name="testEdit" time="10.807" classname="zhangfan.BackStageTest">
    <failure type="org.openqa.selenium.NoSuchFrameException" message="No frame element found by name or id Opengoods_setting
Build info: version: &amp;apos;3.141.59&amp;apos;, revision: &amp;apos;e82be7d358&amp;apos;, time: &amp;apos;2018-11-14T08:25:53&amp;apos;
System info: host: &amp;apos;DESKTOP-QMO9A9N&amp;apos;, ip: &amp;apos;169.254.144.33&amp;apos;, os.name: &amp;apos;Windows 10&amp;apos;, os.arch: &amp;apos;amd64&amp;apos;, os.version: &amp;apos;10.0&amp;apos;, java.version: &amp;apos;1.8.0_172&amp;apos;
Driver info: driver.version: unknown">
      <![CDATA[org.openqa.selenium.NoSuchFrameException: No frame element found by name or id Opengoods_setting
Build info: version: '3.141.59', revision: 'e82be7d358', time: '2018-11-14T08:25:53'
System info: host: 'DESKTOP-QMO9A9N', ip: '169.254.144.33', os.name: 'Windows 10', os.arch: 'amd64', os.version: '10.0', java.version: '1.8.0_172'
Driver info: driver.version: unknown
	at org.openqa.selenium.remote.RemoteWebDriver$RemoteTargetLocator.frame(RemoteWebDriver.java:885)
	at com.webtest.core.WebDriverEngine.enterFrame(WebDriverEngine.java:75)
	at zhangfan.BackStageTest.testEdit(BackStageTest.java:145)
... Removed 24 stack frames]]>
    </failure>
  </testcase> <!-- testEdit -->
  <testcase name="testEdit" time="10.772" classname="zhangfan.BackStageTest">
    <failure type="org.openqa.selenium.NoSuchFrameException" message="No frame element found by name or id Opengoods_setting
Build info: version: &amp;apos;3.141.59&amp;apos;, revision: &amp;apos;e82be7d358&amp;apos;, time: &amp;apos;2018-11-14T08:25:53&amp;apos;
System info: host: &amp;apos;DESKTOP-QMO9A9N&amp;apos;, ip: &amp;apos;169.254.144.33&amp;apos;, os.name: &amp;apos;Windows 10&amp;apos;, os.arch: &amp;apos;amd64&amp;apos;, os.version: &amp;apos;10.0&amp;apos;, java.version: &amp;apos;1.8.0_172&amp;apos;
Driver info: driver.version: unknown">
      <![CDATA[org.openqa.selenium.NoSuchFrameException: No frame element found by name or id Opengoods_setting
Build info: version: '3.141.59', revision: 'e82be7d358', time: '2018-11-14T08:25:53'
System info: host: 'DESKTOP-QMO9A9N', ip: '169.254.144.33', os.name: 'Windows 10', os.arch: 'amd64', os.version: '10.0', java.version: '1.8.0_172'
Driver info: driver.version: unknown
	at org.openqa.selenium.remote.RemoteWebDriver$RemoteTargetLocator.frame(RemoteWebDriver.java:885)
	at com.webtest.core.WebDriverEngine.enterFrame(WebDriverEngine.java:75)
	at zhangfan.BackStageTest.testEdit(BackStageTest.java:145)
... Removed 24 stack frames]]>
    </failure>
  </testcase> <!-- testEdit -->
  <testcase name="testEdit" time="11.466" classname="zhangfan.BackStageTest">
    <failure type="org.openqa.selenium.NoSuchFrameException" message="No frame element found by name or id Opengoods_setting
Build info: version: &amp;apos;3.141.59&amp;apos;, revision: &amp;apos;e82be7d358&amp;apos;, time: &amp;apos;2018-11-14T08:25:53&amp;apos;
System info: host: &amp;apos;DESKTOP-QMO9A9N&amp;apos;, ip: &amp;apos;169.254.144.33&amp;apos;, os.name: &amp;apos;Windows 10&amp;apos;, os.arch: &amp;apos;amd64&amp;apos;, os.version: &amp;apos;10.0&amp;apos;, java.version: &amp;apos;1.8.0_172&amp;apos;
Driver info: driver.version: unknown">
      <![CDATA[org.openqa.selenium.NoSuchFrameException: No frame element found by name or id Opengoods_setting
Build info: version: '3.141.59', revision: 'e82be7d358', time: '2018-11-14T08:25:53'
System info: host: 'DESKTOP-QMO9A9N', ip: '169.254.144.33', os.name: 'Windows 10', os.arch: 'amd64', os.version: '10.0', java.version: '1.8.0_172'
Driver info: driver.version: unknown
	at org.openqa.selenium.remote.RemoteWebDriver$RemoteTargetLocator.frame(RemoteWebDriver.java:885)
	at com.webtest.core.WebDriverEngine.enterFrame(WebDriverEngine.java:75)
	at zhangfan.BackStageTest.testEdit(BackStageTest.java:145)
... Removed 24 stack frames]]>
    </failure>
  </testcase> <!-- testEdit -->
  <testcase name="testLotPending" time="15.544" classname="zhangfan.BackStageTest"/>
  <testcase name="testLotPending" time="15.504" classname="zhangfan.BackStageTest"/>
  <testcase name="testLotPending" time="15.234" classname="zhangfan.BackStageTest"/>
  <testcase name="testLotPending" time="15.508" classname="zhangfan.BackStageTest"/>
  <testcase name="testShareGoods" time="11.833" classname="zhangfan.BackStageTest"/>
  <testcase name="testShareGoods" time="11.428" classname="zhangfan.BackStageTest"/>
  <testcase name="testShareGoods" time="11.385" classname="zhangfan.BackStageTest"/>
  <testcase name="testShareGoods" time="11.533" classname="zhangfan.BackStageTest"/>
  <testcase name="testViewBrandClassification" time="11.483" classname="zhangfan.BackStageTest"/>
  <testcase name="testViewBrandList" time="11.459" classname="zhangfan.BackStageTest"/>
  <testcase name="testViewModelList" time="11.603" classname="zhangfan.BackStageTest"/>
  <testcase name="testViewSizeList" time="11.447" classname="zhangfan.BackStageTest"/>
  <testcase name="Show_list7" time="157.552" classname="azhouqianqian.BackgroundTest"/>
  <testcase name="testAll6" time="7.328" classname="azhouqianqian.BackgroundTest"/>
  <testcase name="test_add1" time="22.301" classname="azhouqianqian.BackgroundTest"/>
  <testcase name="test_add2" time="35.27" classname="azhouqianqian.BackgroundTest"/>
  <testcase name="test_add3" time="14.824" classname="azhouqianqian.BackgroundTest">
    <failure type="org.openqa.selenium.ElementClickInterceptedException" message="Element &amp;lt;button class=&amp;quot;btn btn-default&amp;quot; type=&amp;quot;button&amp;quot;&amp;gt; is not clickable at point (433,404) because another element &amp;lt;iframe src=&amp;quot;about:blank&amp;quot;&amp;gt; obscures it
Build info: version: &amp;apos;3.141.59&amp;apos;, revision: &amp;apos;e82be7d358&amp;apos;, time: &amp;apos;2018-11-14T08:25:53&amp;apos;
System info: host: &amp;apos;DESKTOP-QMO9A9N&amp;apos;, ip: &amp;apos;169.254.144.33&amp;apos;, os.name: &amp;apos;Windows 10&amp;apos;, os.arch: &amp;apos;amd64&amp;apos;, os.version: &amp;apos;10.0&amp;apos;, java.version: &amp;apos;1.8.0_172&amp;apos;
Driver info: org.openqa.selenium.firefox.FirefoxDriver
Capabilities {acceptInsecureCerts: true, browserName: firefox, browserVersion: 66.0.3, javascriptEnabled: true, moz:accessibilityChecks: false, moz:geckodriverVersion: 0.24.0, moz:headless: false, moz:processID: 12556, moz:profile: C:\Users\Dell\AppData\Local..., moz:shutdownTimeout: 60000, moz:useNonSpecCompliantPointerOrigin: false, moz:webdriverClick: true, pageLoadStrategy: normal, platform: WINDOWS, platformName: WINDOWS, platformVersion: 10.0, rotatable: false, setWindowRect: true, strictFileInteractability: false, timeouts: {implicit: 0, pageLoad: 300000, script: 30000}, unhandledPromptBehavior: dismiss and notify}
Session ID: 4b9738f8-2df2-45c9-b182-2618d6d04a6b">
      <![CDATA[org.openqa.selenium.ElementClickInterceptedException: Element <button class="btn btn-default" type="button"> is not clickable at point (433,404) because another element <iframe src="about:blank"> obscures it
Build info: version: '3.141.59', revision: 'e82be7d358', time: '2018-11-14T08:25:53'
System info: host: 'DESKTOP-QMO9A9N', ip: '169.254.144.33', os.name: 'Windows 10', os.arch: 'amd64', os.version: '10.0', java.version: '1.8.0_172'
Driver info: org.openqa.selenium.firefox.FirefoxDriver
Capabilities {acceptInsecureCerts: true, browserName: firefox, browserVersion: 66.0.3, javascriptEnabled: true, moz:accessibilityChecks: false, moz:geckodriverVersion: 0.24.0, moz:headless: false, moz:processID: 12556, moz:profile: C:\Users\Dell\AppData\Local..., moz:shutdownTimeout: 60000, moz:useNonSpecCompliantPointerOrigin: false, moz:webdriverClick: true, pageLoadStrategy: normal, platform: WINDOWS, platformName: WINDOWS, platformVersion: 10.0, rotatable: false, setWindowRect: true, strictFileInteractability: false, timeouts: {implicit: 0, pageLoad: 300000, script: 30000}, unhandledPromptBehavior: dismiss and notify}
Session ID: 4b9738f8-2df2-45c9-b182-2618d6d04a6b
	at org.openqa.selenium.remote.http.W3CHttpResponseCodec.createException(W3CHttpResponseCodec.java:187)
	at org.openqa.selenium.remote.http.W3CHttpResponseCodec.decode(W3CHttpResponseCodec.java:122)
	at org.openqa.selenium.remote.http.W3CHttpResponseCodec.decode(W3CHttpResponseCodec.java:49)
	at org.openqa.selenium.remote.HttpCommandExecutor.execute(HttpCommandExecutor.java:158)
	at org.openqa.selenium.remote.service.DriverCommandExecutor.execute(DriverCommandExecutor.java:83)
	at org.openqa.selenium.remote.RemoteWebDriver.execute(RemoteWebDriver.java:552)
	at org.openqa.selenium.remote.RemoteWebElement.execute(RemoteWebElement.java:285)
	at org.openqa.selenium.remote.RemoteWebElement.click(RemoteWebElement.java:84)
	at com.webtest.core.WebDriverEngine.click(WebDriverEngine.java:158)
	at azhouqianqian.BackgroundTest.test_add3(BackgroundTest.java:252)
... Removed 28 stack frames]]>
    </failure>
  </testcase> <!-- test_add3 -->
  <testcase name="test_add4" time="35.767" classname="azhouqianqian.BackgroundTest"/>
  <testcase name="test_add5" time="15.185" classname="azhouqianqian.BackgroundTest">
    <failure type="org.openqa.selenium.ElementClickInterceptedException" message="Element &amp;lt;button class=&amp;quot;btn btn-default&amp;quot; type=&amp;quot;button&amp;quot;&amp;gt; is not clickable at point (433,316) because another element &amp;lt;iframe src=&amp;quot;about:blank&amp;quot;&amp;gt; obscures it
Build info: version: &amp;apos;3.141.59&amp;apos;, revision: &amp;apos;e82be7d358&amp;apos;, time: &amp;apos;2018-11-14T08:25:53&amp;apos;
System info: host: &amp;apos;DESKTOP-QMO9A9N&amp;apos;, ip: &amp;apos;169.254.144.33&amp;apos;, os.name: &amp;apos;Windows 10&amp;apos;, os.arch: &amp;apos;amd64&amp;apos;, os.version: &amp;apos;10.0&amp;apos;, java.version: &amp;apos;1.8.0_172&amp;apos;
Driver info: org.openqa.selenium.firefox.FirefoxDriver
Capabilities {acceptInsecureCerts: true, browserName: firefox, browserVersion: 66.0.3, javascriptEnabled: true, moz:accessibilityChecks: false, moz:geckodriverVersion: 0.24.0, moz:headless: false, moz:processID: 12556, moz:profile: C:\Users\Dell\AppData\Local..., moz:shutdownTimeout: 60000, moz:useNonSpecCompliantPointerOrigin: false, moz:webdriverClick: true, pageLoadStrategy: normal, platform: WINDOWS, platformName: WINDOWS, platformVersion: 10.0, rotatable: false, setWindowRect: true, strictFileInteractability: false, timeouts: {implicit: 0, pageLoad: 300000, script: 30000}, unhandledPromptBehavior: dismiss and notify}
Session ID: 4b9738f8-2df2-45c9-b182-2618d6d04a6b">
      <![CDATA[org.openqa.selenium.ElementClickInterceptedException: Element <button class="btn btn-default" type="button"> is not clickable at point (433,316) because another element <iframe src="about:blank"> obscures it
Build info: version: '3.141.59', revision: 'e82be7d358', time: '2018-11-14T08:25:53'
System info: host: 'DESKTOP-QMO9A9N', ip: '169.254.144.33', os.name: 'Windows 10', os.arch: 'amd64', os.version: '10.0', java.version: '1.8.0_172'
Driver info: org.openqa.selenium.firefox.FirefoxDriver
Capabilities {acceptInsecureCerts: true, browserName: firefox, browserVersion: 66.0.3, javascriptEnabled: true, moz:accessibilityChecks: false, moz:geckodriverVersion: 0.24.0, moz:headless: false, moz:processID: 12556, moz:profile: C:\Users\Dell\AppData\Local..., moz:shutdownTimeout: 60000, moz:useNonSpecCompliantPointerOrigin: false, moz:webdriverClick: true, pageLoadStrategy: normal, platform: WINDOWS, platformName: WINDOWS, platformVersion: 10.0, rotatable: false, setWindowRect: true, strictFileInteractability: false, timeouts: {implicit: 0, pageLoad: 300000, script: 30000}, unhandledPromptBehavior: dismiss and notify}
Session ID: 4b9738f8-2df2-45c9-b182-2618d6d04a6b
	at org.openqa.selenium.remote.http.W3CHttpResponseCodec.createException(W3CHttpResponseCodec.java:187)
	at org.openqa.selenium.remote.http.W3CHttpResponseCodec.decode(W3CHttpResponseCodec.java:122)
	at org.openqa.selenium.remote.http.W3CHttpResponseCodec.decode(W3CHttpResponseCodec.java:49)
	at org.openqa.selenium.remote.HttpCommandExecutor.execute(HttpCommandExecutor.java:158)
	at org.openqa.selenium.remote.service.DriverCommandExecutor.execute(DriverCommandExecutor.java:83)
	at org.openqa.selenium.remote.RemoteWebDriver.execute(RemoteWebDriver.java:552)
	at org.openqa.selenium.remote.RemoteWebElement.execute(RemoteWebElement.java:285)
	at org.openqa.selenium.remote.RemoteWebElement.click(RemoteWebElement.java:84)
	at com.webtest.core.WebDriverEngine.click(WebDriverEngine.java:158)
	at azhouqianqian.BackgroundTest.test_add5(BackgroundTest.java:300)
... Removed 28 stack frames]]>
    </failure>
  </testcase> <!-- test_add5 -->
  <testcase name="test_add6" time="28.791" classname="azhouqianqian.BackgroundTest"/>
  <testcase name="test_add7" time="23.82" classname="azhouqianqian.BackgroundTest"/>
  <testcase name="test_show8" time="11.298" classname="azhouqianqian.BackgroundTest"/>
  <testcase name="testindent1" time="17.533" classname="azhouqianqian.BackgroundTest">
    <failure type="java.lang.AssertionError" message="expected [true] but found [false]">
      <![CDATA[java.lang.AssertionError: expected [true] but found [false]
	at azhouqianqian.BackgroundTest.testindent1(BackgroundTest.java:39)
... Removed 28 stack frames]]>
    </failure>
  </testcase> <!-- testindent1 -->
  <testcase name="testindent2" time="14.061" classname="azhouqianqian.BackgroundTest">
    <failure type="java.lang.AssertionError" message="expected [true] but found [false]">
      <![CDATA[java.lang.AssertionError: expected [true] but found [false]
	at azhouqianqian.BackgroundTest.testindent2(BackgroundTest.java:56)
... Removed 28 stack frames]]>
    </failure>
  </testcase> <!-- testindent2 -->
  <testcase name="testindent3" time="14.109" classname="azhouqianqian.BackgroundTest">
    <failure type="java.lang.AssertionError" message="expected [true] but found [false]">
      <![CDATA[java.lang.AssertionError: expected [true] but found [false]
	at azhouqianqian.BackgroundTest.testindent3(BackgroundTest.java:82)
... Removed 28 stack frames]]>
    </failure>
  </testcase> <!-- testindent3 -->
  <testcase name="testindent4" time="17.5" classname="azhouqianqian.BackgroundTest">
    <failure type="java.lang.AssertionError" message="expected [true] but found [false]">
      <![CDATA[java.lang.AssertionError: expected [true] but found [false]
	at azhouqianqian.BackgroundTest.testindent4(BackgroundTest.java:113)
... Removed 28 stack frames]]>
    </failure>
  </testcase> <!-- testindent4 -->
  <testcase name="testindent5" time="17.962" classname="azhouqianqian.BackgroundTest">
    <failure type="java.lang.AssertionError" message="expected [true] but found [false]">
      <![CDATA[java.lang.AssertionError: expected [true] but found [false]
	at azhouqianqian.BackgroundTest.testindent5(BackgroundTest.java:133)
... Removed 28 stack frames]]>
    </failure>
  </testcase> <!-- testindent5 -->
  <testcase name="test1" time="7.714" classname="azhouqianqian.ExchangePoints">
    <failure type="java.lang.AssertionError" message="expected [true] but found [false]">
      <![CDATA[java.lang.AssertionError: expected [true] but found [false]
	at azhouqianqian.ExchangePoints.test1(ExchangePoints.java:27)
... Removed 28 stack frames]]>
    </failure>
  </testcase> <!-- test1 -->
  <testcase name="test2" time="20.696" classname="azhouqianqian.ExchangePoints">
    <failure type="java.lang.AssertionError" message="expected [true] but found [false]">
      <![CDATA[java.lang.AssertionError: expected [true] but found [false]
	at azhouqianqian.ExchangePoints.test2(ExchangePoints.java:45)
... Removed 28 stack frames]]>
    </failure>
  </testcase> <!-- test2 -->
  <testcase name="test3" time="6.417" classname="azhouqianqian.ExchangePoints">
    <failure type="java.lang.AssertionError" message="expected [true] but found [false]">
      <![CDATA[java.lang.AssertionError: expected [true] but found [false]
	at azhouqianqian.ExchangePoints.test3(ExchangePoints.java:69)
... Removed 28 stack frames]]>
    </failure>
  </testcase> <!-- test3 -->
  <testcase name="test4" time="6.635" classname="azhouqianqian.ExchangePoints">
    <failure type="java.lang.AssertionError" message="expected [true] but found [false]">
      <![CDATA[java.lang.AssertionError: expected [true] but found [false]
	at azhouqianqian.ExchangePoints.test4(ExchangePoints.java:101)
... Removed 28 stack frames]]>
    </failure>
  </testcase> <!-- test4 -->
  <testcase name="test5" time="6.826" classname="azhouqianqian.ExchangePoints">
    <failure type="java.lang.AssertionError" message="expected [true] but found [false]">
      <![CDATA[java.lang.AssertionError: expected [true] but found [false]
	at azhouqianqian.ExchangePoints.test5(ExchangePoints.java:128)
... Removed 28 stack frames]]>
    </failure>
  </testcase> <!-- test5 -->
  <testcase name="test_jump1" time="10.755" classname="azhouqianqian.HomeElectricity"/>
  <testcase name="test_jump2" time="5.056" classname="azhouqianqian.HomeElectricity"/>
  <testcase name="test_jump3" time="4.761" classname="azhouqianqian.HomeElectricity"/>
  <testcase name="test_jump4" time="4.864" classname="azhouqianqian.HomeElectricity"/>
  <testcase name="test_order1" time="22.514" classname="azhouqianqian.HomeElectricity"/>
  <testcase name="test_order2" time="21.562" classname="azhouqianqian.HomeElectricity"/>
  <testcase name="test_order3" time="21.227" classname="azhouqianqian.HomeElectricity"/>
  <testcase name="test_order4" time="20.944" classname="azhouqianqian.HomeElectricity"/>
  <testcase name="test_sort1_money" time="17.198" classname="azhouqianqian.HomeElectricity"/>
  <testcase name="test_sort2_money" time="16.336" classname="azhouqianqian.HomeElectricity"/>
  <testcase name="test_login1" time="22.336" classname="azhouqianqian.Login_Test"/>
  <testcase name="test_login1" time="14.63" classname="azhouqianqian.Login_Test">
    <failure type="java.lang.AssertionError" message="expected [true] but found [false]">
      <![CDATA[java.lang.AssertionError: expected [true] but found [false]
	at azhouqianqian.Login_Test.test_login1(Login_Test.java:39)
... Removed 28 stack frames]]>
    </failure>
  </testcase> <!-- test_login1 -->
  <testcase name="test_login2" time="14.242" classname="azhouqianqian.Login_Test">
    <failure type="java.lang.AssertionError" message="登录失败">
      <![CDATA[java.lang.AssertionError: 登录失败
	at azhouqianqian.Login_Test.test_login2(Login_Test.java:62)
... Removed 24 stack frames]]>
    </failure>
  </testcase> <!-- test_login2 -->
  <testcase name="test_login2" time="14.026" classname="azhouqianqian.Login_Test">
    <failure type="java.lang.AssertionError" message="登录失败">
      <![CDATA[java.lang.AssertionError: 登录失败
	at azhouqianqian.Login_Test.test_login2(Login_Test.java:62)
... Removed 24 stack frames]]>
    </failure>
  </testcase> <!-- test_login2 -->
  <testcase name="test_login3" time="14.264" classname="azhouqianqian.Login_Test">
    <failure type="java.lang.AssertionError" message="登录失败">
      <![CDATA[java.lang.AssertionError: 登录失败
	at azhouqianqian.Login_Test.test_login3(Login_Test.java:85)
... Removed 24 stack frames]]>
    </failure>
  </testcase> <!-- test_login3 -->
  <testcase name="test_login3" time="14.513" classname="azhouqianqian.Login_Test">
    <failure type="java.lang.AssertionError" message="登录失败">
      <![CDATA[java.lang.AssertionError: 登录失败
	at azhouqianqian.Login_Test.test_login3(Login_Test.java:85)
... Removed 24 stack frames]]>
    </failure>
  </testcase> <!-- test_login3 -->
  <testcase name="test_login4" time="14.277" classname="azhouqianqian.Login_Test">
    <failure type="java.lang.AssertionError" message="登录失败">
      <![CDATA[java.lang.AssertionError: 登录失败
	at azhouqianqian.Login_Test.test_login4(Login_Test.java:108)
... Removed 24 stack frames]]>
    </failure>
  </testcase> <!-- test_login4 -->
  <testcase name="test_login4" time="14.162" classname="azhouqianqian.Login_Test">
    <failure type="java.lang.AssertionError" message="登录失败">
      <![CDATA[java.lang.AssertionError: 登录失败
	at azhouqianqian.Login_Test.test_login4(Login_Test.java:108)
... Removed 24 stack frames]]>
    </failure>
  </testcase> <!-- test_login4 -->
  <testcase name="test_login5" time="14.568" classname="azhouqianqian.Login_Test">
    <failure type="java.lang.AssertionError" message="登录失败">
      <![CDATA[java.lang.AssertionError: 登录失败
	at azhouqianqian.Login_Test.test_login5(Login_Test.java:131)
... Removed 24 stack frames]]>
    </failure>
  </testcase> <!-- test_login5 -->
  <testcase name="test_login5" time="15.022" classname="azhouqianqian.Login_Test">
    <failure type="java.lang.AssertionError" message="登录失败">
      <![CDATA[java.lang.AssertionError: 登录失败
	at azhouqianqian.Login_Test.test_login5(Login_Test.java:131)
... Removed 24 stack frames]]>
    </failure>
  </testcase> <!-- test_login5 -->
  <testcase name="test_login6" time="0.0" classname="azhouqianqian.Login_Test">
    <skipped/>
  </testcase> <!-- test_login6 -->
  <testcase name="test_login7" time="14.164" classname="azhouqianqian.Login_Test"/>
  <testcase name="test_login7" time="14.236" classname="azhouqianqian.Login_Test">
    <failure type="org.testng.TestNGException" message="
The data provider is trying to pass 1 parameters but the method azhouqianqian.Login_Test#test_login7 takes 2 and TestNG is unable in inject a suitable object">
      <![CDATA[org.testng.TestNGException: 
The data provider is trying to pass 1 parameters but the method azhouqianqian.Login_Test#test_login7 takes 2 and TestNG is unable in inject a suitable object
Caused by: java.lang.ArrayIndexOutOfBoundsException: 1
	... 17 more
... Removed 19 stack frames]]>
    </failure>
  </testcase> <!-- test_login7 -->
  <testcase name="test_buy" time="22.421" classname="azhouqianqian.Pingtuan">
    <failure type="java.lang.AssertionError" message="expected [true] but found [false]">
      <![CDATA[java.lang.AssertionError: expected [true] but found [false]
	at azhouqianqian.Pingtuan.test_buy(Pingtuan.java:111)
... Removed 28 stack frames]]>
    </failure>
  </testcase> <!-- test_buy -->
  <testcase name="test_jump1" time="14.352" classname="azhouqianqian.Pingtuan"/>
  <testcase name="test_jump2" time="16.713" classname="azhouqianqian.Pingtuan"/>
  <testcase name="test_jump3" time="15.805" classname="azhouqianqian.Pingtuan"/>
  <testcase name="test_jump4" time="14.653" classname="azhouqianqian.Pingtuan"/>
  <testcase name="wodedingdan" time="10.84" classname="lixuan.LoginTest"/>
  <testcase name="wodejifen" time="10.74" classname="lixuan.LoginTest"/>
  <testcase name="wodeyouhuiquan" time="10.543" classname="lixuan.LoginTest"/>
  <testcase name="myselfjianyi" time="19.378" classname="lixuan.LoginTest"/>
  <testcase name="myselfjianyi" time="18.672" classname="lixuan.LoginTest"/>
  <testcase name="myselfjianyi" time="19.713" classname="lixuan.LoginTest"/>
  <testcase name="myselfjianyi" time="19.183" classname="lixuan.LoginTest"/>
  <testcase name="myselfjianyi" time="18.601" classname="lixuan.LoginTest"/>
  <testcase name="myselfjianyi" time="18.419" classname="lixuan.LoginTest"/>
  <testcase name="myselfjianyi" time="18.108" classname="lixuan.LoginTest"/>
  <testcase name="shouhoufuwu" time="23.546" classname="lixuan.LoginTest"/>
  <testcase name="shangpinzixun" time="9.568" classname="lixuan.LoginTest"/>
  <testcase name="shangpinpingjia" time="18.436" classname="lixuan.LoginTest"/>
  <testcase name="duanxinxi" time="10.945" classname="lixuan.LoginTest"/>
  <testcase name="shoucangjia" time="10.466" classname="lixuan.LoginTest"/>
  <testcase name="jiaoyijilu" time="21.461" classname="lixuan.LoginTest"/>
  <testcase name="tixianshenqing" time="40.441" classname="lixuan.LoginTest"/>
  <testcase name="tixianshenqing" time="36.512" classname="lixuan.LoginTest"/>
  <testcase name="tixianshenqing" time="439.493" classname="lixuan.LoginTest">
    <failure type="org.openqa.selenium.TimeoutException" message="Timeout loading page after 300000ms
Build info: version: &amp;apos;3.141.59&amp;apos;, revision: &amp;apos;e82be7d358&amp;apos;, time: &amp;apos;2018-11-14T08:25:53&amp;apos;
System info: host: &amp;apos;DESKTOP-QMO9A9N&amp;apos;, ip: &amp;apos;169.254.144.33&amp;apos;, os.name: &amp;apos;Windows 10&amp;apos;, os.arch: &amp;apos;amd64&amp;apos;, os.version: &amp;apos;10.0&amp;apos;, java.version: &amp;apos;1.8.0_172&amp;apos;
Driver info: org.openqa.selenium.firefox.FirefoxDriver
Capabilities {acceptInsecureCerts: true, browserName: firefox, browserVersion: 66.0.3, javascriptEnabled: true, moz:accessibilityChecks: false, moz:geckodriverVersion: 0.24.0, moz:headless: false, moz:processID: 10408, moz:profile: C:\Users\Dell\AppData\Local..., moz:shutdownTimeout: 60000, moz:useNonSpecCompliantPointerOrigin: false, moz:webdriverClick: true, pageLoadStrategy: normal, platform: WINDOWS, platformName: WINDOWS, platformVersion: 10.0, rotatable: false, setWindowRect: true, strictFileInteractability: false, timeouts: {implicit: 0, pageLoad: 300000, script: 30000}, unhandledPromptBehavior: dismiss and notify}
Session ID: e296f4bf-5507-4abc-a69c-37b38d280453">
      <![CDATA[org.openqa.selenium.TimeoutException: Timeout loading page after 300000ms
Build info: version: '3.141.59', revision: 'e82be7d358', time: '2018-11-14T08:25:53'
System info: host: 'DESKTOP-QMO9A9N', ip: '169.254.144.33', os.name: 'Windows 10', os.arch: 'amd64', os.version: '10.0', java.version: '1.8.0_172'
Driver info: org.openqa.selenium.firefox.FirefoxDriver
Capabilities {acceptInsecureCerts: true, browserName: firefox, browserVersion: 66.0.3, javascriptEnabled: true, moz:accessibilityChecks: false, moz:geckodriverVersion: 0.24.0, moz:headless: false, moz:processID: 10408, moz:profile: C:\Users\Dell\AppData\Local..., moz:shutdownTimeout: 60000, moz:useNonSpecCompliantPointerOrigin: false, moz:webdriverClick: true, pageLoadStrategy: normal, platform: WINDOWS, platformName: WINDOWS, platformVersion: 10.0, rotatable: false, setWindowRect: true, strictFileInteractability: false, timeouts: {implicit: 0, pageLoad: 300000, script: 30000}, unhandledPromptBehavior: dismiss and notify}
Session ID: e296f4bf-5507-4abc-a69c-37b38d280453
	at org.openqa.selenium.remote.http.W3CHttpResponseCodec.createException(W3CHttpResponseCodec.java:187)
	at org.openqa.selenium.remote.http.W3CHttpResponseCodec.decode(W3CHttpResponseCodec.java:122)
	at org.openqa.selenium.remote.http.W3CHttpResponseCodec.decode(W3CHttpResponseCodec.java:49)
	at org.openqa.selenium.remote.HttpCommandExecutor.execute(HttpCommandExecutor.java:158)
	at org.openqa.selenium.remote.service.DriverCommandExecutor.execute(DriverCommandExecutor.java:83)
	at org.openqa.selenium.remote.RemoteWebDriver.execute(RemoteWebDriver.java:552)
	at org.openqa.selenium.remote.RemoteWebElement.execute(RemoteWebElement.java:285)
	at org.openqa.selenium.remote.RemoteWebElement.click(RemoteWebElement.java:84)
	at com.webtest.core.WebDriverEngine.click(WebDriverEngine.java:158)
	at lixuan.LoginTest.tixianshenqing(LoginTest.java:152)
... Removed 28 stack frames]]>
    </failure>
  </testcase> <!-- tixianshenqing -->
  <testcase name="tixianshenqing" time="34.384" classname="lixuan.LoginTest"/>
  <testcase name="tixianshenqing" time="35.448" classname="lixuan.LoginTest"/>
  <testcase name="myselfaddaddress" time="31.107" classname="lixuan.LoginTest"/>
  <testcase name="myselfaddaddress" time="28.058" classname="lixuan.LoginTest"/>
  <testcase name="myselfaddaddress" time="28.781" classname="lixuan.LoginTest"/>
  <testcase name="myselfaddaddress" time="28.949" classname="lixuan.LoginTest"/>
  <testcase name="myselfaddaddress" time="29.197" classname="lixuan.LoginTest"/>
  <testcase name="myselfaddaddress" time="28.415" classname="lixuan.LoginTest"/>
  <testcase name="myselfaddaddress" time="27.509" classname="lixuan.LoginTest"/>
  <testcase name="myselfaddaddress" time="28.256" classname="lixuan.LoginTest"/>
  <testcase name="deleteaddress" time="20.132" classname="lixuan.LoginTest"/>
  <testcase name="myselfchangeaddress" time="20.134" classname="lixuan.LoginTest"/>
  <testcase name="fapiaoguanli" time="27.875" classname="lixuan.LoginTest"/>
  <testcase name="fapiaoguanli" time="28.203" classname="lixuan.LoginTest"/>
  <testcase name="fapiaoguanli" time="27.859" classname="lixuan.LoginTest"/>
  <testcase name="fapiaoguanli" time="28.103" classname="lixuan.LoginTest"/>
  <testcase name="fapiaoguanli" time="27.456" classname="lixuan.LoginTest"/>
  <testcase name="fapiaoguanli" time="28.819" classname="lixuan.LoginTest"/>
  <testcase name="deletefapiao" time="22.307" classname="lixuan.LoginTest"/>
  <testcase name="exchangepw" time="20.443" classname="lixuan.LoginTest"/>
  <testcase name="exchangepw" time="15.443" classname="lixuan.LoginTest"/>
  <testcase name="opendian" time="6.3" classname="lixuan.LoginTest">
    <failure type="org.openqa.selenium.InvalidArgumentException" message="File not found: C:\Users\李璇\Pictures\Saved Pictures\timg.jpg
Build info: version: &amp;apos;3.141.59&amp;apos;, revision: &amp;apos;e82be7d358&amp;apos;, time: &amp;apos;2018-11-14T08:25:53&amp;apos;
System info: host: &amp;apos;DESKTOP-QMO9A9N&amp;apos;, ip: &amp;apos;169.254.144.33&amp;apos;, os.name: &amp;apos;Windows 10&amp;apos;, os.arch: &amp;apos;amd64&amp;apos;, os.version: &amp;apos;10.0&amp;apos;, java.version: &amp;apos;1.8.0_172&amp;apos;
Driver info: org.openqa.selenium.firefox.FirefoxDriver
Capabilities {acceptInsecureCerts: true, browserName: firefox, browserVersion: 66.0.3, javascriptEnabled: true, moz:accessibilityChecks: false, moz:geckodriverVersion: 0.24.0, moz:headless: false, moz:processID: 10408, moz:profile: C:\Users\Dell\AppData\Local..., moz:shutdownTimeout: 60000, moz:useNonSpecCompliantPointerOrigin: false, moz:webdriverClick: true, pageLoadStrategy: normal, platform: WINDOWS, platformName: WINDOWS, platformVersion: 10.0, rotatable: false, setWindowRect: true, strictFileInteractability: false, timeouts: {implicit: 0, pageLoad: 300000, script: 30000}, unhandledPromptBehavior: dismiss and notify}
Session ID: e296f4bf-5507-4abc-a69c-37b38d280453">
      <![CDATA[org.openqa.selenium.InvalidArgumentException: File not found: C:\Users\李璇\Pictures\Saved Pictures\timg.jpg
Build info: version: '3.141.59', revision: 'e82be7d358', time: '2018-11-14T08:25:53'
System info: host: 'DESKTOP-QMO9A9N', ip: '169.254.144.33', os.name: 'Windows 10', os.arch: 'amd64', os.version: '10.0', java.version: '1.8.0_172'
Driver info: org.openqa.selenium.firefox.FirefoxDriver
Capabilities {acceptInsecureCerts: true, browserName: firefox, browserVersion: 66.0.3, javascriptEnabled: true, moz:accessibilityChecks: false, moz:geckodriverVersion: 0.24.0, moz:headless: false, moz:processID: 10408, moz:profile: C:\Users\Dell\AppData\Local..., moz:shutdownTimeout: 60000, moz:useNonSpecCompliantPointerOrigin: false, moz:webdriverClick: true, pageLoadStrategy: normal, platform: WINDOWS, platformName: WINDOWS, platformVersion: 10.0, rotatable: false, setWindowRect: true, strictFileInteractability: false, timeouts: {implicit: 0, pageLoad: 300000, script: 30000}, unhandledPromptBehavior: dismiss and notify}
Session ID: e296f4bf-5507-4abc-a69c-37b38d280453
	at org.openqa.selenium.remote.http.W3CHttpResponseCodec.createException(W3CHttpResponseCodec.java:187)
	at org.openqa.selenium.remote.http.W3CHttpResponseCodec.decode(W3CHttpResponseCodec.java:122)
	at org.openqa.selenium.remote.http.W3CHttpResponseCodec.decode(W3CHttpResponseCodec.java:49)
	at org.openqa.selenium.remote.HttpCommandExecutor.execute(HttpCommandExecutor.java:158)
	at org.openqa.selenium.remote.service.DriverCommandExecutor.execute(DriverCommandExecutor.java:83)
	at org.openqa.selenium.remote.RemoteWebDriver.execute(RemoteWebDriver.java:552)
	at org.openqa.selenium.remote.RemoteWebElement.execute(RemoteWebElement.java:285)
	at org.openqa.selenium.remote.RemoteWebElement.sendKeys(RemoteWebElement.java:106)
	at com.webtest.core.WebDriverEngine.type(WebDriverEngine.java:144)
	at lixuan.LoginTest.opendian(LoginTest.java:318)
... Removed 28 stack frames]]>
    </failure>
  </testcase> <!-- opendian -->
  <testcase name="opendian" time="5.962" classname="lixuan.LoginTest">
    <failure type="org.openqa.selenium.InvalidArgumentException" message="File not found: C:\Users\李璇\Pictures\Saved Pictures\timg.jpg
Build info: version: &amp;apos;3.141.59&amp;apos;, revision: &amp;apos;e82be7d358&amp;apos;, time: &amp;apos;2018-11-14T08:25:53&amp;apos;
System info: host: &amp;apos;DESKTOP-QMO9A9N&amp;apos;, ip: &amp;apos;169.254.144.33&amp;apos;, os.name: &amp;apos;Windows 10&amp;apos;, os.arch: &amp;apos;amd64&amp;apos;, os.version: &amp;apos;10.0&amp;apos;, java.version: &amp;apos;1.8.0_172&amp;apos;
Driver info: org.openqa.selenium.firefox.FirefoxDriver
Capabilities {acceptInsecureCerts: true, browserName: firefox, browserVersion: 66.0.3, javascriptEnabled: true, moz:accessibilityChecks: false, moz:geckodriverVersion: 0.24.0, moz:headless: false, moz:processID: 10408, moz:profile: C:\Users\Dell\AppData\Local..., moz:shutdownTimeout: 60000, moz:useNonSpecCompliantPointerOrigin: false, moz:webdriverClick: true, pageLoadStrategy: normal, platform: WINDOWS, platformName: WINDOWS, platformVersion: 10.0, rotatable: false, setWindowRect: true, strictFileInteractability: false, timeouts: {implicit: 0, pageLoad: 300000, script: 30000}, unhandledPromptBehavior: dismiss and notify}
Session ID: e296f4bf-5507-4abc-a69c-37b38d280453">
      <![CDATA[org.openqa.selenium.InvalidArgumentException: File not found: C:\Users\李璇\Pictures\Saved Pictures\timg.jpg
Build info: version: '3.141.59', revision: 'e82be7d358', time: '2018-11-14T08:25:53'
System info: host: 'DESKTOP-QMO9A9N', ip: '169.254.144.33', os.name: 'Windows 10', os.arch: 'amd64', os.version: '10.0', java.version: '1.8.0_172'
Driver info: org.openqa.selenium.firefox.FirefoxDriver
Capabilities {acceptInsecureCerts: true, browserName: firefox, browserVersion: 66.0.3, javascriptEnabled: true, moz:accessibilityChecks: false, moz:geckodriverVersion: 0.24.0, moz:headless: false, moz:processID: 10408, moz:profile: C:\Users\Dell\AppData\Local..., moz:shutdownTimeout: 60000, moz:useNonSpecCompliantPointerOrigin: false, moz:webdriverClick: true, pageLoadStrategy: normal, platform: WINDOWS, platformName: WINDOWS, platformVersion: 10.0, rotatable: false, setWindowRect: true, strictFileInteractability: false, timeouts: {implicit: 0, pageLoad: 300000, script: 30000}, unhandledPromptBehavior: dismiss and notify}
Session ID: e296f4bf-5507-4abc-a69c-37b38d280453
	at org.openqa.selenium.remote.http.W3CHttpResponseCodec.createException(W3CHttpResponseCodec.java:187)
	at org.openqa.selenium.remote.http.W3CHttpResponseCodec.decode(W3CHttpResponseCodec.java:122)
	at org.openqa.selenium.remote.http.W3CHttpResponseCodec.decode(W3CHttpResponseCodec.java:49)
	at org.openqa.selenium.remote.HttpCommandExecutor.execute(HttpCommandExecutor.java:158)
	at org.openqa.selenium.remote.service.DriverCommandExecutor.execute(DriverCommandExecutor.java:83)
	at org.openqa.selenium.remote.RemoteWebDriver.execute(RemoteWebDriver.java:552)
	at org.openqa.selenium.remote.RemoteWebElement.execute(RemoteWebElement.java:285)
	at org.openqa.selenium.remote.RemoteWebElement.sendKeys(RemoteWebElement.java:106)
	at com.webtest.core.WebDriverEngine.type(WebDriverEngine.java:144)
	at lixuan.LoginTest.opendian(LoginTest.java:318)
... Removed 28 stack frames]]>
    </failure>
  </testcase> <!-- opendian -->
  <testcase name="opendian" time="6.013" classname="lixuan.LoginTest">
    <failure type="org.openqa.selenium.InvalidArgumentException" message="File not found: C:\Users\李璇\Pictures\Saved Pictures\timg.jpg
Build info: version: &amp;apos;3.141.59&amp;apos;, revision: &amp;apos;e82be7d358&amp;apos;, time: &amp;apos;2018-11-14T08:25:53&amp;apos;
System info: host: &amp;apos;DESKTOP-QMO9A9N&amp;apos;, ip: &amp;apos;169.254.144.33&amp;apos;, os.name: &amp;apos;Windows 10&amp;apos;, os.arch: &amp;apos;amd64&amp;apos;, os.version: &amp;apos;10.0&amp;apos;, java.version: &amp;apos;1.8.0_172&amp;apos;
Driver info: org.openqa.selenium.firefox.FirefoxDriver
Capabilities {acceptInsecureCerts: true, browserName: firefox, browserVersion: 66.0.3, javascriptEnabled: true, moz:accessibilityChecks: false, moz:geckodriverVersion: 0.24.0, moz:headless: false, moz:processID: 10408, moz:profile: C:\Users\Dell\AppData\Local..., moz:shutdownTimeout: 60000, moz:useNonSpecCompliantPointerOrigin: false, moz:webdriverClick: true, pageLoadStrategy: normal, platform: WINDOWS, platformName: WINDOWS, platformVersion: 10.0, rotatable: false, setWindowRect: true, strictFileInteractability: false, timeouts: {implicit: 0, pageLoad: 300000, script: 30000}, unhandledPromptBehavior: dismiss and notify}
Session ID: e296f4bf-5507-4abc-a69c-37b38d280453">
      <![CDATA[org.openqa.selenium.InvalidArgumentException: File not found: C:\Users\李璇\Pictures\Saved Pictures\timg.jpg
Build info: version: '3.141.59', revision: 'e82be7d358', time: '2018-11-14T08:25:53'
System info: host: 'DESKTOP-QMO9A9N', ip: '169.254.144.33', os.name: 'Windows 10', os.arch: 'amd64', os.version: '10.0', java.version: '1.8.0_172'
Driver info: org.openqa.selenium.firefox.FirefoxDriver
Capabilities {acceptInsecureCerts: true, browserName: firefox, browserVersion: 66.0.3, javascriptEnabled: true, moz:accessibilityChecks: false, moz:geckodriverVersion: 0.24.0, moz:headless: false, moz:processID: 10408, moz:profile: C:\Users\Dell\AppData\Local..., moz:shutdownTimeout: 60000, moz:useNonSpecCompliantPointerOrigin: false, moz:webdriverClick: true, pageLoadStrategy: normal, platform: WINDOWS, platformName: WINDOWS, platformVersion: 10.0, rotatable: false, setWindowRect: true, strictFileInteractability: false, timeouts: {implicit: 0, pageLoad: 300000, script: 30000}, unhandledPromptBehavior: dismiss and notify}
Session ID: e296f4bf-5507-4abc-a69c-37b38d280453
	at org.openqa.selenium.remote.http.W3CHttpResponseCodec.createException(W3CHttpResponseCodec.java:187)
	at org.openqa.selenium.remote.http.W3CHttpResponseCodec.decode(W3CHttpResponseCodec.java:122)
	at org.openqa.selenium.remote.http.W3CHttpResponseCodec.decode(W3CHttpResponseCodec.java:49)
	at org.openqa.selenium.remote.HttpCommandExecutor.execute(HttpCommandExecutor.java:158)
	at org.openqa.selenium.remote.service.DriverCommandExecutor.execute(DriverCommandExecutor.java:83)
	at org.openqa.selenium.remote.RemoteWebDriver.execute(RemoteWebDriver.java:552)
	at org.openqa.selenium.remote.RemoteWebElement.execute(RemoteWebElement.java:285)
	at org.openqa.selenium.remote.RemoteWebElement.sendKeys(RemoteWebElement.java:106)
	at com.webtest.core.WebDriverEngine.type(WebDriverEngine.java:144)
	at lixuan.LoginTest.opendian(LoginTest.java:318)
... Removed 28 stack frames]]>
    </failure>
  </testcase> <!-- opendian -->
  <testcase name="opendian" time="7.0" classname="lixuan.LoginTest">
    <failure type="org.openqa.selenium.InvalidArgumentException" message="File not found: C:\Users\李璇\Pictures\Saved Pictures\timg.jpg
Build info: version: &amp;apos;3.141.59&amp;apos;, revision: &amp;apos;e82be7d358&amp;apos;, time: &amp;apos;2018-11-14T08:25:53&amp;apos;
System info: host: &amp;apos;DESKTOP-QMO9A9N&amp;apos;, ip: &amp;apos;169.254.144.33&amp;apos;, os.name: &amp;apos;Windows 10&amp;apos;, os.arch: &amp;apos;amd64&amp;apos;, os.version: &amp;apos;10.0&amp;apos;, java.version: &amp;apos;1.8.0_172&amp;apos;
Driver info: org.openqa.selenium.firefox.FirefoxDriver
Capabilities {acceptInsecureCerts: true, browserName: firefox, browserVersion: 66.0.3, javascriptEnabled: true, moz:accessibilityChecks: false, moz:geckodriverVersion: 0.24.0, moz:headless: false, moz:processID: 10408, moz:profile: C:\Users\Dell\AppData\Local..., moz:shutdownTimeout: 60000, moz:useNonSpecCompliantPointerOrigin: false, moz:webdriverClick: true, pageLoadStrategy: normal, platform: WINDOWS, platformName: WINDOWS, platformVersion: 10.0, rotatable: false, setWindowRect: true, strictFileInteractability: false, timeouts: {implicit: 0, pageLoad: 300000, script: 30000}, unhandledPromptBehavior: dismiss and notify}
Session ID: e296f4bf-5507-4abc-a69c-37b38d280453">
      <![CDATA[org.openqa.selenium.InvalidArgumentException: File not found: C:\Users\李璇\Pictures\Saved Pictures\timg.jpg
Build info: version: '3.141.59', revision: 'e82be7d358', time: '2018-11-14T08:25:53'
System info: host: 'DESKTOP-QMO9A9N', ip: '169.254.144.33', os.name: 'Windows 10', os.arch: 'amd64', os.version: '10.0', java.version: '1.8.0_172'
Driver info: org.openqa.selenium.firefox.FirefoxDriver
Capabilities {acceptInsecureCerts: true, browserName: firefox, browserVersion: 66.0.3, javascriptEnabled: true, moz:accessibilityChecks: false, moz:geckodriverVersion: 0.24.0, moz:headless: false, moz:processID: 10408, moz:profile: C:\Users\Dell\AppData\Local..., moz:shutdownTimeout: 60000, moz:useNonSpecCompliantPointerOrigin: false, moz:webdriverClick: true, pageLoadStrategy: normal, platform: WINDOWS, platformName: WINDOWS, platformVersion: 10.0, rotatable: false, setWindowRect: true, strictFileInteractability: false, timeouts: {implicit: 0, pageLoad: 300000, script: 30000}, unhandledPromptBehavior: dismiss and notify}
Session ID: e296f4bf-5507-4abc-a69c-37b38d280453
	at org.openqa.selenium.remote.http.W3CHttpResponseCodec.createException(W3CHttpResponseCodec.java:187)
	at org.openqa.selenium.remote.http.W3CHttpResponseCodec.decode(W3CHttpResponseCodec.java:122)
	at org.openqa.selenium.remote.http.W3CHttpResponseCodec.decode(W3CHttpResponseCodec.java:49)
	at org.openqa.selenium.remote.HttpCommandExecutor.execute(HttpCommandExecutor.java:158)
	at org.openqa.selenium.remote.service.DriverCommandExecutor.execute(DriverCommandExecutor.java:83)
	at org.openqa.selenium.remote.RemoteWebDriver.execute(RemoteWebDriver.java:552)
	at org.openqa.selenium.remote.RemoteWebElement.execute(RemoteWebElement.java:285)
	at org.openqa.selenium.remote.RemoteWebElement.sendKeys(RemoteWebElement.java:106)
	at com.webtest.core.WebDriverEngine.type(WebDriverEngine.java:144)
	at lixuan.LoginTest.opendian(LoginTest.java:318)
... Removed 28 stack frames]]>
    </failure>
  </testcase> <!-- opendian -->
  <testcase name="opendian" time="6.035" classname="lixuan.LoginTest">
    <failure type="org.openqa.selenium.InvalidArgumentException" message="File not found: C:\Users\李璇\Pictures\Saved Pictures\timg.jpg
Build info: version: &amp;apos;3.141.59&amp;apos;, revision: &amp;apos;e82be7d358&amp;apos;, time: &amp;apos;2018-11-14T08:25:53&amp;apos;
System info: host: &amp;apos;DESKTOP-QMO9A9N&amp;apos;, ip: &amp;apos;169.254.144.33&amp;apos;, os.name: &amp;apos;Windows 10&amp;apos;, os.arch: &amp;apos;amd64&amp;apos;, os.version: &amp;apos;10.0&amp;apos;, java.version: &amp;apos;1.8.0_172&amp;apos;
Driver info: org.openqa.selenium.firefox.FirefoxDriver
Capabilities {acceptInsecureCerts: true, browserName: firefox, browserVersion: 66.0.3, javascriptEnabled: true, moz:accessibilityChecks: false, moz:geckodriverVersion: 0.24.0, moz:headless: false, moz:processID: 10408, moz:profile: C:\Users\Dell\AppData\Local..., moz:shutdownTimeout: 60000, moz:useNonSpecCompliantPointerOrigin: false, moz:webdriverClick: true, pageLoadStrategy: normal, platform: WINDOWS, platformName: WINDOWS, platformVersion: 10.0, rotatable: false, setWindowRect: true, strictFileInteractability: false, timeouts: {implicit: 0, pageLoad: 300000, script: 30000}, unhandledPromptBehavior: dismiss and notify}
Session ID: e296f4bf-5507-4abc-a69c-37b38d280453">
      <![CDATA[org.openqa.selenium.InvalidArgumentException: File not found: C:\Users\李璇\Pictures\Saved Pictures\timg.jpg
Build info: version: '3.141.59', revision: 'e82be7d358', time: '2018-11-14T08:25:53'
System info: host: 'DESKTOP-QMO9A9N', ip: '169.254.144.33', os.name: 'Windows 10', os.arch: 'amd64', os.version: '10.0', java.version: '1.8.0_172'
Driver info: org.openqa.selenium.firefox.FirefoxDriver
Capabilities {acceptInsecureCerts: true, browserName: firefox, browserVersion: 66.0.3, javascriptEnabled: true, moz:accessibilityChecks: false, moz:geckodriverVersion: 0.24.0, moz:headless: false, moz:processID: 10408, moz:profile: C:\Users\Dell\AppData\Local..., moz:shutdownTimeout: 60000, moz:useNonSpecCompliantPointerOrigin: false, moz:webdriverClick: true, pageLoadStrategy: normal, platform: WINDOWS, platformName: WINDOWS, platformVersion: 10.0, rotatable: false, setWindowRect: true, strictFileInteractability: false, timeouts: {implicit: 0, pageLoad: 300000, script: 30000}, unhandledPromptBehavior: dismiss and notify}
Session ID: e296f4bf-5507-4abc-a69c-37b38d280453
	at org.openqa.selenium.remote.http.W3CHttpResponseCodec.createException(W3CHttpResponseCodec.java:187)
	at org.openqa.selenium.remote.http.W3CHttpResponseCodec.decode(W3CHttpResponseCodec.java:122)
	at org.openqa.selenium.remote.http.W3CHttpResponseCodec.decode(W3CHttpResponseCodec.java:49)
	at org.openqa.selenium.remote.HttpCommandExecutor.execute(HttpCommandExecutor.java:158)
	at org.openqa.selenium.remote.service.DriverCommandExecutor.execute(DriverCommandExecutor.java:83)
	at org.openqa.selenium.remote.RemoteWebDriver.execute(RemoteWebDriver.java:552)
	at org.openqa.selenium.remote.RemoteWebElement.execute(RemoteWebElement.java:285)
	at org.openqa.selenium.remote.RemoteWebElement.sendKeys(RemoteWebElement.java:106)
	at com.webtest.core.WebDriverEngine.type(WebDriverEngine.java:144)
	at lixuan.LoginTest.opendian(LoginTest.java:318)
... Removed 28 stack frames]]>
    </failure>
  </testcase> <!-- opendian -->
  <testcase name="opendian" time="5.945" classname="lixuan.LoginTest">
    <failure type="org.openqa.selenium.InvalidArgumentException" message="File not found: C:\Users\李璇\Pictures\Saved Pictures\timg.jpg
Build info: version: &amp;apos;3.141.59&amp;apos;, revision: &amp;apos;e82be7d358&amp;apos;, time: &amp;apos;2018-11-14T08:25:53&amp;apos;
System info: host: &amp;apos;DESKTOP-QMO9A9N&amp;apos;, ip: &amp;apos;169.254.144.33&amp;apos;, os.name: &amp;apos;Windows 10&amp;apos;, os.arch: &amp;apos;amd64&amp;apos;, os.version: &amp;apos;10.0&amp;apos;, java.version: &amp;apos;1.8.0_172&amp;apos;
Driver info: org.openqa.selenium.firefox.FirefoxDriver
Capabilities {acceptInsecureCerts: true, browserName: firefox, browserVersion: 66.0.3, javascriptEnabled: true, moz:accessibilityChecks: false, moz:geckodriverVersion: 0.24.0, moz:headless: false, moz:processID: 10408, moz:profile: C:\Users\Dell\AppData\Local..., moz:shutdownTimeout: 60000, moz:useNonSpecCompliantPointerOrigin: false, moz:webdriverClick: true, pageLoadStrategy: normal, platform: WINDOWS, platformName: WINDOWS, platformVersion: 10.0, rotatable: false, setWindowRect: true, strictFileInteractability: false, timeouts: {implicit: 0, pageLoad: 300000, script: 30000}, unhandledPromptBehavior: dismiss and notify}
Session ID: e296f4bf-5507-4abc-a69c-37b38d280453">
      <![CDATA[org.openqa.selenium.InvalidArgumentException: File not found: C:\Users\李璇\Pictures\Saved Pictures\timg.jpg
Build info: version: '3.141.59', revision: 'e82be7d358', time: '2018-11-14T08:25:53'
System info: host: 'DESKTOP-QMO9A9N', ip: '169.254.144.33', os.name: 'Windows 10', os.arch: 'amd64', os.version: '10.0', java.version: '1.8.0_172'
Driver info: org.openqa.selenium.firefox.FirefoxDriver
Capabilities {acceptInsecureCerts: true, browserName: firefox, browserVersion: 66.0.3, javascriptEnabled: true, moz:accessibilityChecks: false, moz:geckodriverVersion: 0.24.0, moz:headless: false, moz:processID: 10408, moz:profile: C:\Users\Dell\AppData\Local..., moz:shutdownTimeout: 60000, moz:useNonSpecCompliantPointerOrigin: false, moz:webdriverClick: true, pageLoadStrategy: normal, platform: WINDOWS, platformName: WINDOWS, platformVersion: 10.0, rotatable: false, setWindowRect: true, strictFileInteractability: false, timeouts: {implicit: 0, pageLoad: 300000, script: 30000}, unhandledPromptBehavior: dismiss and notify}
Session ID: e296f4bf-5507-4abc-a69c-37b38d280453
	at org.openqa.selenium.remote.http.W3CHttpResponseCodec.createException(W3CHttpResponseCodec.java:187)
	at org.openqa.selenium.remote.http.W3CHttpResponseCodec.decode(W3CHttpResponseCodec.java:122)
	at org.openqa.selenium.remote.http.W3CHttpResponseCodec.decode(W3CHttpResponseCodec.java:49)
	at org.openqa.selenium.remote.HttpCommandExecutor.execute(HttpCommandExecutor.java:158)
	at org.openqa.selenium.remote.service.DriverCommandExecutor.execute(DriverCommandExecutor.java:83)
	at org.openqa.selenium.remote.RemoteWebDriver.execute(RemoteWebDriver.java:552)
	at org.openqa.selenium.remote.RemoteWebElement.execute(RemoteWebElement.java:285)
	at org.openqa.selenium.remote.RemoteWebElement.sendKeys(RemoteWebElement.java:106)
	at com.webtest.core.WebDriverEngine.type(WebDriverEngine.java:144)
	at lixuan.LoginTest.opendian(LoginTest.java:318)
... Removed 28 stack frames]]>
    </failure>
  </testcase> <!-- opendian -->
  <testcase name="shangjiaguanli" time="17.249" classname="lixuan.LoginTest"/>
  <testcase name="search" time="5.397" classname="lixuan.LoginTest"/>
  <testcase name="add1" time="24.791" classname="lixuan.LoginTest"/>
  <testcase name="jiesuan" time="26.627" classname="lixuan.LoginTest"/>
  <testcase name="add2" time="29.955" classname="lixuan.LoginTest"/>
  <testcase name="qingkong" time="14.35" classname="lixuan.LoginTest"/>
  <testcase name="jixugouwu" time="9.283" classname="lixuan.LoginTest"/>
  <testcase name="allshangpn" time="87.741" classname="lixuan.LoginTest"/>
  <testcase name="tubiao" time="33.793" classname="lixuan.LoginTest"/>
  <testcase name="foodcart" time="5.35" classname="lixuan.LoginTest"/>
  <testcase name="foodcart" time="40.472" classname="guoxiaoli.Demo"/>
  <testcase name="foodbuy" time="36.355" classname="guoxiaoli.Demo"/>
  <testcase name="jiajucart" time="325.437" classname="guoxiaoli.Demo"/>
  <testcase name="jiajubuy" time="55.504" classname="guoxiaoli.Demo"/>
  <testcase name="bagcart" time="325.555" classname="guoxiaoli.Demo"/>
  <testcase name="bagbuy" time="35.475" classname="guoxiaoli.Demo"/>
  <testcase name="backstage" time="11.444" classname="guoxiaoli.Demo"/>
  <testcase name="login" time="12.015" classname="guoxiaoli.Demo1"/>
  <testcase name="xitong" time="7.679" classname="guoxiaoli.Demo1"/>
  <testcase name="netset" time="14.371" classname="guoxiaoli.Demo1"/>
  <testcase name="delivery" time="19.309" classname="guoxiaoli.Demo1"/>
  <testcase name="delivery" time="15.899" classname="guoxiaoli.Demo1"/>
  <testcase name="delivery" time="15.402" classname="guoxiaoli.Demo1"/>
  <testcase name="freight" time="4.253" classname="guoxiaoli.Demo1"/>
  <testcase name="freight" time="15.553" classname="guoxiaoli.Demo1"/>
  <testcase name="freight" time="11.751" classname="guoxiaoli.Demo1"/>
  <testcase name="freight" time="12.068" classname="guoxiaoli.Demo1"/>
  <testcase name="freight" time="12.459" classname="guoxiaoli.Demo1"/>
  <testcase name="freight" time="12.757" classname="guoxiaoli.Demo1"/>
  <testcase name="freight" time="11.852" classname="guoxiaoli.Demo1"/>
  <testcase name="takeself" time="12.549" classname="guoxiaoli.Demo1"/>
  <testcase name="takeself" time="21.135" classname="guoxiaoli.Demo1"/>
  <testcase name="takeself" time="12.757" classname="guoxiaoli.Demo1"/>
  <testcase name="takeself" time="22.059" classname="guoxiaoli.Demo1"/>
  <testcase name="takeself" time="12.417" classname="guoxiaoli.Demo1"/>
  <testcase name="takeself" time="20.119" classname="guoxiaoli.Demo1"/>
  <testcase name="takeself" time="12.554" classname="guoxiaoli.Demo1"/>
  <testcase name="takeself" time="21.795" classname="guoxiaoli.Demo1"/>
  <testcase name="takeself" time="12.382" classname="guoxiaoli.Demo1"/>
  <testcase name="db" time="9.305" classname="guoxiaoli.Demo1"/>
  <testcase name="addarticle" time="22.079" classname="guoxiaoli.Demo1"/>
  <testcase name="addarticle" time="22.607" classname="guoxiaoli.Demo1"/>
  <testcase name="addarticle" time="22.434" classname="guoxiaoli.Demo1"/>
  <testcase name="addarticle" time="22.534" classname="guoxiaoli.Demo1"/>
  <testcase name="addarticle" time="22.302" classname="guoxiaoli.Demo1"/>
  <testcase name="addarticle" time="22.017" classname="guoxiaoli.Demo1"/>
  <testcase name="addarticle" time="22.169" classname="guoxiaoli.Demo1"/>
  <testcase name="addarticle" time="22.793" classname="guoxiaoli.Demo1"/>
  <testcase name="addarticle" time="22.086" classname="guoxiaoli.Demo1"/>
  <testcase name="addarticle" time="22.221" classname="guoxiaoli.Demo1"/>
  <testcase name="setpassowrd" time="14.163" classname="guoxiaoli.Demo1"/>
  <testcase name="setpassowrd" time="13.798" classname="guoxiaoli.Demo1"/>
  <testcase name="setpassowrd" time="13.548" classname="guoxiaoli.Demo1"/>
  <testcase name="setpassowrd" time="13.319" classname="guoxiaoli.Demo1"/>
  <testcase name="setpassowrd" time="13.367" classname="guoxiaoli.Demo1"/>
  <testcase name="setpassowrd" time="12.918" classname="guoxiaoli.Demo1"/>
  <testcase name="setpassowrd" time="13.147" classname="guoxiaoli.Demo1"/>
  <testcase name="setback" time="8.898" classname="guoxiaoli.Demo1"/>
  <testcase name="setshop" time="5.861" classname="guoxiaoli.Demo1"/>
  <testcase name="setnav" time="17.396" classname="guoxiaoli.Demo1"/>
  <testcase name="setquit" time="13.014" classname="guoxiaoli.Demo1"/>
</testsuite> <!-- Regression1 -->
