<?xml version="1.0" encoding="UTF-8"?>
<!-- Generated by org.testng.reporters.JUnitXMLReporter -->
<testsuite hostname="DESKTOP-QMO9A9N" name="Regression1" tests="106" failures="13" timestamp="17 Dec 2019 09:03:21 GMT" time="2816.527" errors="0">
  <testcase name="foodcart" time="174.389" classname="guoxiaoli.Demo"/>
  <testcase name="foodbuy" time="35.039" classname="guoxiaoli.Demo"/>
  <testcase name="jiajucart" time="327.5" classname="guoxiaoli.Demo"/>
  <testcase name="jiajubuy" time="41.554" classname="guoxiaoli.Demo"/>
  <testcase name="bagcart" time="78.063" classname="guoxiaoli.Demo"/>
  <testcase name="bagbuy" time="36.361" classname="guoxiaoli.Demo"/>
  <testcase name="backstage" time="10.763" classname="guoxiaoli.Demo"/>
  <testcase name="login" time="10.95" classname="guoxiaoli.Demo1"/>
  <testcase name="xitong" time="7.354" classname="guoxiaoli.Demo1"/>
  <testcase name="netset" time="13.778" classname="guoxiaoli.Demo1"/>
  <testcase name="delivery" time="0.0" classname="guoxiaoli.Demo1">
    <skipped/>
  </testcase> <!-- delivery -->
  <testcase name="freight" time="0.0" classname="guoxiaoli.Demo1">
    <skipped/>
  </testcase> <!-- freight -->
  <testcase name="takeself" time="0.0" classname="guoxiaoli.Demo1">
    <skipped/>
  </testcase> <!-- takeself -->
  <testcase name="db" time="7.171" classname="guoxiaoli.Demo1"/>
  <testcase name="addarticle" time="0.0" classname="guoxiaoli.Demo1">
    <skipped/>
  </testcase> <!-- addarticle -->
  <testcase name="setpassowrd" time="0.0" classname="guoxiaoli.Demo1">
    <skipped/>
  </testcase> <!-- setpassowrd -->
  <testcase name="setback" time="8.904" classname="guoxiaoli.Demo1"/>
  <testcase name="setshop" time="8.86" classname="guoxiaoli.Demo1"/>
  <testcase name="setnav" time="16.884" classname="guoxiaoli.Demo1"/>
  <testcase name="setquit" time="6.264" classname="guoxiaoli.Demo1"/>
  <testcase name="wodedingdan" time="9.227" classname="lixuan.LoginTest"/>
  <testcase name="wodejifen" time="10.524" classname="lixuan.LoginTest"/>
  <testcase name="wodeyouhuiquan" time="10.345" classname="lixuan.LoginTest"/>
  <testcase name="myselfjianyi" time="0.0" classname="lixuan.LoginTest">
    <skipped/>
  </testcase> <!-- myselfjianyi -->
  <testcase name="shouhoufuwu" time="22.339" classname="lixuan.LoginTest"/>
  <testcase name="shangpinzixun" time="9.535" classname="lixuan.LoginTest"/>
  <testcase name="shangpinpingjia" time="17.136" classname="lixuan.LoginTest"/>
  <testcase name="duanxinxi" time="9.177" classname="lixuan.LoginTest"/>
  <testcase name="shoucangjia" time="10.261" classname="lixuan.LoginTest"/>
  <testcase name="jiaoyijilu" time="11.319" classname="lixuan.LoginTest"/>
  <testcase name="tixianshenqing" time="0.0" classname="lixuan.LoginTest">
    <skipped/>
  </testcase> <!-- tixianshenqing -->
  <testcase name="myselfaddaddress" time="0.0" classname="lixuan.LoginTest">
    <skipped/>
  </testcase> <!-- myselfaddaddress -->
  <testcase name="deleteaddress" time="20.183" classname="lixuan.LoginTest"/>
  <testcase name="myselfchangeaddress" time="19.738" classname="lixuan.LoginTest"/>
  <testcase name="fapiaoguanli" time="0.0" classname="lixuan.LoginTest">
    <skipped/>
  </testcase> <!-- fapiaoguanli -->
  <testcase name="deletefapiao" time="20.788" classname="lixuan.LoginTest"/>
  <testcase name="exchangepw" time="0.0" classname="lixuan.LoginTest">
    <skipped/>
  </testcase> <!-- exchangepw -->
  <testcase name="opendian" time="0.0" classname="lixuan.LoginTest">
    <skipped/>
  </testcase> <!-- opendian -->
  <testcase name="shangjiaguanli" time="16.187" classname="lixuan.LoginTest"/>
  <testcase name="search" time="4.753" classname="lixuan.LoginTest"/>
  <testcase name="add1" time="36.998" classname="lixuan.LoginTest"/>
  <testcase name="jiesuan" time="23.772" classname="lixuan.LoginTest"/>
  <testcase name="add2" time="15.107" classname="lixuan.LoginTest"/>
  <testcase name="qingkong" time="14.538" classname="lixuan.LoginTest"/>
  <testcase name="jixugouwu" time="10.364" classname="lixuan.LoginTest"/>
  <testcase name="allshangpn" time="86.789" classname="lixuan.LoginTest"/>
  <testcase name="tubiao" time="30.053" classname="lixuan.LoginTest"/>
  <testcase name="foodcart" time="5.357" classname="lixuan.LoginTest"/>
  <testcase name="addBrandClassification" time="0.0" classname="zhangfan.BackStageTest">
    <skipped/>
  </testcase> <!-- addBrandClassification -->
  <testcase name="addBrandList" time="0.0" classname="zhangfan.BackStageTest">
    <skipped/>
  </testcase> <!-- addBrandList -->
  <testcase name="addClassificationList" time="0.0" classname="zhangfan.BackStageTest">
    <skipped/>
  </testcase> <!-- addClassificationList -->
  <testcase name="addModelList" time="0.0" classname="zhangfan.BackStageTest">
    <skipped/>
  </testcase> <!-- addModelList -->
  <testcase name="testAddGoods" time="0.0" classname="zhangfan.BackStageTest">
    <skipped/>
  </testcase> <!-- testAddGoods -->
  <testcase name="testAddSizeList" time="0.0" classname="zhangfan.BackStageTest">
    <skipped/>
  </testcase> <!-- testAddSizeList -->
  <testcase name="testBatchDeletionModelList" time="0.0" classname="zhangfan.BackStageTest">
    <skipped/>
  </testcase> <!-- testBatchDeletionModelList -->
  <testcase name="testBatchOperation" time="0.0" classname="zhangfan.BackStageTest">
    <skipped/>
  </testcase> <!-- testBatchOperation -->
  <testcase name="testClassificationList" time="11.028" classname="zhangfan.BackStageTest"/>
  <testcase name="testEdit" time="0.0" classname="zhangfan.BackStageTest">
    <skipped/>
  </testcase> <!-- testEdit -->
  <testcase name="testLotPending" time="0.0" classname="zhangfan.BackStageTest">
    <skipped/>
  </testcase> <!-- testLotPending -->
  <testcase name="testShareGoods" time="0.0" classname="zhangfan.BackStageTest">
    <skipped/>
  </testcase> <!-- testShareGoods -->
  <testcase name="testViewBrandClassification" time="11.341" classname="zhangfan.BackStageTest"/>
  <testcase name="testViewBrandList" time="10.763" classname="zhangfan.BackStageTest"/>
  <testcase name="testViewModelList" time="11.576" classname="zhangfan.BackStageTest"/>
  <testcase name="testViewSizeList" time="11.482" classname="zhangfan.BackStageTest"/>
  <testcase name="Show_list7" time="110.271" classname="azhouqianqian.BackgroundTest"/>
  <testcase name="testAll6" time="7.045" classname="azhouqianqian.BackgroundTest"/>
  <testcase name="test_add1" time="22.636" classname="azhouqianqian.BackgroundTest"/>
  <testcase name="test_add2" time="34.305" classname="azhouqianqian.BackgroundTest"/>
  <testcase name="test_add3" time="14.84" classname="azhouqianqian.BackgroundTest">
    <failure type="org.openqa.selenium.ElementClickInterceptedException" message="Element &amp;lt;button class=&amp;quot;btn btn-default&amp;quot; type=&amp;quot;button&amp;quot;&amp;gt; is not clickable at point (433,404) because another element &amp;lt;iframe src=&amp;quot;about:blank&amp;quot;&amp;gt; obscures it
Build info: version: &amp;apos;3.141.59&amp;apos;, revision: &amp;apos;e82be7d358&amp;apos;, time: &amp;apos;2018-11-14T08:25:53&amp;apos;
System info: host: &amp;apos;DESKTOP-QMO9A9N&amp;apos;, ip: &amp;apos;169.254.144.33&amp;apos;, os.name: &amp;apos;Windows 10&amp;apos;, os.arch: &amp;apos;amd64&amp;apos;, os.version: &amp;apos;10.0&amp;apos;, java.version: &amp;apos;1.8.0_172&amp;apos;
Driver info: org.openqa.selenium.firefox.FirefoxDriver
Capabilities {acceptInsecureCerts: true, browserName: firefox, browserVersion: 66.0.3, javascriptEnabled: true, moz:accessibilityChecks: false, moz:geckodriverVersion: 0.24.0, moz:headless: false, moz:processID: 15008, moz:profile: C:\Users\Dell\AppData\Local..., moz:shutdownTimeout: 60000, moz:useNonSpecCompliantPointerOrigin: false, moz:webdriverClick: true, pageLoadStrategy: normal, platform: WINDOWS, platformName: WINDOWS, platformVersion: 10.0, rotatable: false, setWindowRect: true, strictFileInteractability: false, timeouts: {implicit: 0, pageLoad: 300000, script: 30000}, unhandledPromptBehavior: dismiss and notify}
Session ID: 67bb40fe-b47e-4fe1-8a4a-90acf00bf636">
      <![CDATA[org.openqa.selenium.ElementClickInterceptedException: Element <button class="btn btn-default" type="button"> is not clickable at point (433,404) because another element <iframe src="about:blank"> obscures it
Build info: version: '3.141.59', revision: 'e82be7d358', time: '2018-11-14T08:25:53'
System info: host: 'DESKTOP-QMO9A9N', ip: '169.254.144.33', os.name: 'Windows 10', os.arch: 'amd64', os.version: '10.0', java.version: '1.8.0_172'
Driver info: org.openqa.selenium.firefox.FirefoxDriver
Capabilities {acceptInsecureCerts: true, browserName: firefox, browserVersion: 66.0.3, javascriptEnabled: true, moz:accessibilityChecks: false, moz:geckodriverVersion: 0.24.0, moz:headless: false, moz:processID: 15008, moz:profile: C:\Users\Dell\AppData\Local..., moz:shutdownTimeout: 60000, moz:useNonSpecCompliantPointerOrigin: false, moz:webdriverClick: true, pageLoadStrategy: normal, platform: WINDOWS, platformName: WINDOWS, platformVersion: 10.0, rotatable: false, setWindowRect: true, strictFileInteractability: false, timeouts: {implicit: 0, pageLoad: 300000, script: 30000}, unhandledPromptBehavior: dismiss and notify}
Session ID: 67bb40fe-b47e-4fe1-8a4a-90acf00bf636
	at org.openqa.selenium.remote.http.W3CHttpResponseCodec.createException(W3CHttpResponseCodec.java:187)
	at org.openqa.selenium.remote.http.W3CHttpResponseCodec.decode(W3CHttpResponseCodec.java:122)
	at org.openqa.selenium.remote.http.W3CHttpResponseCodec.decode(W3CHttpResponseCodec.java:49)
	at org.openqa.selenium.remote.HttpCommandExecutor.execute(HttpCommandExecutor.java:158)
	at org.openqa.selenium.remote.service.DriverCommandExecutor.execute(DriverCommandExecutor.java:83)
	at org.openqa.selenium.remote.RemoteWebDriver.execute(RemoteWebDriver.java:552)
	at org.openqa.selenium.remote.RemoteWebElement.execute(RemoteWebElement.java:285)
	at org.openqa.selenium.remote.RemoteWebElement.click(RemoteWebElement.java:84)
	at com.webtest.core.WebDriverEngine.click(WebDriverEngine.java:158)
	at azhouqianqian.BackgroundTest.test_add3(Unknown Source)
... Removed 27 stack frames]]>
    </failure>
  </testcase> <!-- test_add3 -->
  <testcase name="test_add4" time="34.381" classname="azhouqianqian.BackgroundTest"/>
  <testcase name="test_add5" time="15.169" classname="azhouqianqian.BackgroundTest">
    <failure type="org.openqa.selenium.ElementClickInterceptedException" message="Element &amp;lt;button class=&amp;quot;btn btn-default&amp;quot; type=&amp;quot;button&amp;quot;&amp;gt; is not clickable at point (433,316) because another element &amp;lt;iframe src=&amp;quot;about:blank&amp;quot;&amp;gt; obscures it
Build info: version: &amp;apos;3.141.59&amp;apos;, revision: &amp;apos;e82be7d358&amp;apos;, time: &amp;apos;2018-11-14T08:25:53&amp;apos;
System info: host: &amp;apos;DESKTOP-QMO9A9N&amp;apos;, ip: &amp;apos;169.254.144.33&amp;apos;, os.name: &amp;apos;Windows 10&amp;apos;, os.arch: &amp;apos;amd64&amp;apos;, os.version: &amp;apos;10.0&amp;apos;, java.version: &amp;apos;1.8.0_172&amp;apos;
Driver info: org.openqa.selenium.firefox.FirefoxDriver
Capabilities {acceptInsecureCerts: true, browserName: firefox, browserVersion: 66.0.3, javascriptEnabled: true, moz:accessibilityChecks: false, moz:geckodriverVersion: 0.24.0, moz:headless: false, moz:processID: 15008, moz:profile: C:\Users\Dell\AppData\Local..., moz:shutdownTimeout: 60000, moz:useNonSpecCompliantPointerOrigin: false, moz:webdriverClick: true, pageLoadStrategy: normal, platform: WINDOWS, platformName: WINDOWS, platformVersion: 10.0, rotatable: false, setWindowRect: true, strictFileInteractability: false, timeouts: {implicit: 0, pageLoad: 300000, script: 30000}, unhandledPromptBehavior: dismiss and notify}
Session ID: 67bb40fe-b47e-4fe1-8a4a-90acf00bf636">
      <![CDATA[org.openqa.selenium.ElementClickInterceptedException: Element <button class="btn btn-default" type="button"> is not clickable at point (433,316) because another element <iframe src="about:blank"> obscures it
Build info: version: '3.141.59', revision: 'e82be7d358', time: '2018-11-14T08:25:53'
System info: host: 'DESKTOP-QMO9A9N', ip: '169.254.144.33', os.name: 'Windows 10', os.arch: 'amd64', os.version: '10.0', java.version: '1.8.0_172'
Driver info: org.openqa.selenium.firefox.FirefoxDriver
Capabilities {acceptInsecureCerts: true, browserName: firefox, browserVersion: 66.0.3, javascriptEnabled: true, moz:accessibilityChecks: false, moz:geckodriverVersion: 0.24.0, moz:headless: false, moz:processID: 15008, moz:profile: C:\Users\Dell\AppData\Local..., moz:shutdownTimeout: 60000, moz:useNonSpecCompliantPointerOrigin: false, moz:webdriverClick: true, pageLoadStrategy: normal, platform: WINDOWS, platformName: WINDOWS, platformVersion: 10.0, rotatable: false, setWindowRect: true, strictFileInteractability: false, timeouts: {implicit: 0, pageLoad: 300000, script: 30000}, unhandledPromptBehavior: dismiss and notify}
Session ID: 67bb40fe-b47e-4fe1-8a4a-90acf00bf636
	at org.openqa.selenium.remote.http.W3CHttpResponseCodec.createException(W3CHttpResponseCodec.java:187)
	at org.openqa.selenium.remote.http.W3CHttpResponseCodec.decode(W3CHttpResponseCodec.java:122)
	at org.openqa.selenium.remote.http.W3CHttpResponseCodec.decode(W3CHttpResponseCodec.java:49)
	at org.openqa.selenium.remote.HttpCommandExecutor.execute(HttpCommandExecutor.java:158)
	at org.openqa.selenium.remote.service.DriverCommandExecutor.execute(DriverCommandExecutor.java:83)
	at org.openqa.selenium.remote.RemoteWebDriver.execute(RemoteWebDriver.java:552)
	at org.openqa.selenium.remote.RemoteWebElement.execute(RemoteWebElement.java:285)
	at org.openqa.selenium.remote.RemoteWebElement.click(RemoteWebElement.java:84)
	at com.webtest.core.WebDriverEngine.click(WebDriverEngine.java:158)
	at azhouqianqian.BackgroundTest.test_add5(Unknown Source)
... Removed 27 stack frames]]>
    </failure>
  </testcase> <!-- test_add5 -->
  <testcase name="test_add6" time="28.431" classname="azhouqianqian.BackgroundTest"/>
  <testcase name="test_add7" time="23.885" classname="azhouqianqian.BackgroundTest"/>
  <testcase name="test_show8" time="11.732" classname="azhouqianqian.BackgroundTest"/>
  <testcase name="testindent1" time="17.699" classname="azhouqianqian.BackgroundTest">
    <failure type="java.lang.AssertionError" message="expected [true] but found [false]">
      <![CDATA[java.lang.AssertionError: expected [true] but found [false]
	at azhouqianqian.BackgroundTest.testindent1(Unknown Source)
... Removed 27 stack frames]]>
    </failure>
  </testcase> <!-- testindent1 -->
  <testcase name="testindent2" time="14.075" classname="azhouqianqian.BackgroundTest">
    <failure type="java.lang.AssertionError" message="expected [true] but found [false]">
      <![CDATA[java.lang.AssertionError: expected [true] but found [false]
	at azhouqianqian.BackgroundTest.testindent2(Unknown Source)
... Removed 27 stack frames]]>
    </failure>
  </testcase> <!-- testindent2 -->
  <testcase name="testindent3" time="13.903" classname="azhouqianqian.BackgroundTest">
    <failure type="java.lang.AssertionError" message="expected [true] but found [false]">
      <![CDATA[java.lang.AssertionError: expected [true] but found [false]
	at azhouqianqian.BackgroundTest.testindent3(Unknown Source)
... Removed 27 stack frames]]>
    </failure>
  </testcase> <!-- testindent3 -->
  <testcase name="testindent4" time="17.667" classname="azhouqianqian.BackgroundTest">
    <failure type="java.lang.AssertionError" message="expected [true] but found [false]">
      <![CDATA[java.lang.AssertionError: expected [true] but found [false]
	at azhouqianqian.BackgroundTest.testindent4(Unknown Source)
... Removed 27 stack frames]]>
    </failure>
  </testcase> <!-- testindent4 -->
  <testcase name="testindent5" time="17.793" classname="azhouqianqian.BackgroundTest">
    <failure type="java.lang.AssertionError" message="expected [true] but found [false]">
      <![CDATA[java.lang.AssertionError: expected [true] but found [false]
	at azhouqianqian.BackgroundTest.testindent5(Unknown Source)
... Removed 27 stack frames]]>
    </failure>
  </testcase> <!-- testindent5 -->
  <testcase name="test1" time="7.821" classname="azhouqianqian.ExchangePoints">
    <failure type="java.lang.AssertionError" message="expected [true] but found [false]">
      <![CDATA[java.lang.AssertionError: expected [true] but found [false]
	at azhouqianqian.ExchangePoints.test1(Unknown Source)
... Removed 27 stack frames]]>
    </failure>
  </testcase> <!-- test1 -->
  <testcase name="test2" time="21.798" classname="azhouqianqian.ExchangePoints">
    <failure type="java.lang.AssertionError" message="expected [true] but found [false]">
      <![CDATA[java.lang.AssertionError: expected [true] but found [false]
	at azhouqianqian.ExchangePoints.test2(Unknown Source)
... Removed 27 stack frames]]>
    </failure>
  </testcase> <!-- test2 -->
  <testcase name="test3" time="8.628" classname="azhouqianqian.ExchangePoints">
    <failure type="java.lang.AssertionError" message="expected [true] but found [false]">
      <![CDATA[java.lang.AssertionError: expected [true] but found [false]
	at azhouqianqian.ExchangePoints.test3(Unknown Source)
... Removed 27 stack frames]]>
    </failure>
  </testcase> <!-- test3 -->
  <testcase name="test4" time="8.35" classname="azhouqianqian.ExchangePoints">
    <failure type="java.lang.AssertionError" message="expected [true] but found [false]">
      <![CDATA[java.lang.AssertionError: expected [true] but found [false]
	at azhouqianqian.ExchangePoints.test4(Unknown Source)
... Removed 27 stack frames]]>
    </failure>
  </testcase> <!-- test4 -->
  <testcase name="test5" time="7.692" classname="azhouqianqian.ExchangePoints">
    <failure type="java.lang.AssertionError" message="expected [true] but found [false]">
      <![CDATA[java.lang.AssertionError: expected [true] but found [false]
	at azhouqianqian.ExchangePoints.test5(Unknown Source)
... Removed 27 stack frames]]>
    </failure>
  </testcase> <!-- test5 -->
  <testcase name="test_jump1" time="11.519" classname="azhouqianqian.HomeElectricity"/>
  <testcase name="test_jump2" time="6.618" classname="azhouqianqian.HomeElectricity"/>
  <testcase name="test_jump3" time="5.771" classname="azhouqianqian.HomeElectricity"/>
  <testcase name="test_jump4" time="5.645" classname="azhouqianqian.HomeElectricity"/>
  <testcase name="test_order1" time="21.8" classname="azhouqianqian.HomeElectricity"/>
  <testcase name="test_order2" time="21.605" classname="azhouqianqian.HomeElectricity"/>
  <testcase name="test_order3" time="21.841" classname="azhouqianqian.HomeElectricity"/>
  <testcase name="test_order4" time="21.591" classname="azhouqianqian.HomeElectricity"/>
  <testcase name="test_sort1_money" time="18.487" classname="azhouqianqian.HomeElectricity"/>
  <testcase name="test_sort2_money" time="18.149" classname="azhouqianqian.HomeElectricity"/>
  <testcase name="test_login1" time="0.0" classname="azhouqianqian.Login_Test">
    <skipped/>
  </testcase> <!-- test_login1 -->
  <testcase name="test_login2" time="0.0" classname="azhouqianqian.Login_Test">
    <skipped/>
  </testcase> <!-- test_login2 -->
  <testcase name="test_login3" time="0.0" classname="azhouqianqian.Login_Test">
    <skipped/>
  </testcase> <!-- test_login3 -->
  <testcase name="test_login4" time="0.0" classname="azhouqianqian.Login_Test">
    <skipped/>
  </testcase> <!-- test_login4 -->
  <testcase name="test_login5" time="0.0" classname="azhouqianqian.Login_Test">
    <skipped/>
  </testcase> <!-- test_login5 -->
  <testcase name="test_login6" time="0.0" classname="azhouqianqian.Login_Test">
    <skipped/>
  </testcase> <!-- test_login6 -->
  <testcase name="test_login7" time="0.0" classname="azhouqianqian.Login_Test">
    <skipped/>
  </testcase> <!-- test_login7 -->
  <testcase name="test_buy" time="61.259" classname="azhouqianqian.Pingtuan">
    <failure type="java.lang.AssertionError" message="expected [true] but found [false]">
      <![CDATA[java.lang.AssertionError: expected [true] but found [false]
	at azhouqianqian.Pingtuan.test_buy(Unknown Source)
... Removed 27 stack frames]]>
    </failure>
  </testcase> <!-- test_buy -->
  <testcase name="test_jump1" time="17.157" classname="azhouqianqian.Pingtuan"/>
  <testcase name="test_jump2" time="18.999" classname="azhouqianqian.Pingtuan"/>
  <testcase name="test_jump3" time="16.992" classname="azhouqianqian.Pingtuan"/>
  <testcase name="test_jump4" time="16.882" classname="azhouqianqian.Pingtuan"/>
</testsuite> <!-- Regression1 -->
